<?xml version="1.0" encoding="UTF-8"?>
<testsuite name="CollatzCalculatorTest" tests="6" skipped="0" failures="0" errors="0" timestamp="2019-11-13T15:36:33" hostname="C02W11Y6HTD6MBP" time="0.007">
  <properties/>
  <testcase name="testCorrectNumberOfStepsWhenBothStepTypesAreNeeded" classname="CollatzCalculatorTest" time="0.0"/>
  <testcase name="testAVeryLargeInput" classname="CollatzCalculatorTest" time="0.0"/>
  <testcase name="testZeroIsConsideredInvalidInput" classname="CollatzCalculatorTest" time="0.005"/>
  <testcase name="testCorrectNumberOfStepsWhenAllStepsAreDivisions" classname="CollatzCalculatorTest" time="0.0"/>
  <testcase name="testZeroStepsRequiredWhenStartingFrom1" classname="CollatzCalculatorTest" time="0.0"/>
  <testcase name="testNegativeIntegerIsConsideredInvalidInput" classname="CollatzCalculatorTest" time="0.0"/>
  <system-out><![CDATA[]]></system-out>
  <system-err><![CDATA[]]></system-err>
</testsuite>
